<?xml version="1.0" encoding="UTF-8"?>
<!-- Generated by org.testng.reporters.JUnitReportReporter -->
<testsuite skipped="0" hostname="Tatianas-MacBook-Air.local" name="ParametersAndParallelTesting.TestNG_Parameters" tests="1" failures="0" timestamp="22 Jul 2017 02:21:23 GMT" time="0.006" errors="0">
  <testcase name="TestMethod2" time="0.006" classname="ParametersAndParallelTesting.TestNG_Parameters"/>
</testsuite> <!-- ParametersAndParallelTesting.TestNG_Parameters -->
