<?xml version="1.0" encoding="UTF-8"?>
<!-- Generated by org.testng.reporters.JUnitReportReporter -->
<testsuite skipped="0" hostname="Tatianas-MacBook-Air.local" name="ParametersAndParallelTesting.Practice" tests="2" failures="0" timestamp="22 Jul 2017 00:14:58 GMT" time="33.977" errors="0">
  <testcase name="parallel_test" time="21.299" classname="ParametersAndParallelTesting.Practice"/>
  <testcase name="parallel_test" time="12.678" classname="ParametersAndParallelTesting.Practice"/>
</testsuite> <!-- ParametersAndParallelTesting.Practice -->
