<?xml version="1.0" encoding="UTF-8"?>
<!-- Generated by org.testng.reporters.JUnitReportReporter -->
<testsuite skipped="1" hostname="Tatianas-MacBook-Air.local" name="testPackage.TestNG_EnableTimeOut" tests="2" failures="0" timestamp="03 Aug 2017 21:52:16 GMT" time="0.013" errors="0">
  <testcase name="TestMethod2" time="0.013" classname="testPackage.TestNG_EnableTimeOut"/>
  <testcase name="TestMethod1" classname="testPackage.TestNG_EnableTimeOut">
    <skipped/>
  </testcase> <!-- TestMethod1 -->
</testsuite> <!-- testPackage.TestNG_EnableTimeOut -->
