<?xml version="1.0" encoding="UTF-8"?>
<!-- Generated by org.testng.reporters.JUnitReportReporter -->
<testsuite skipped="0" hostname="Tatianas-MacBook-Air.local" name="ParametersAndParallelTesting.PracticeCH" tests="1" failures="0" timestamp="21 Jul 2017 22:25:37 GMT" time="12.814" errors="0">
  <testcase name="parallel_test_CH" time="12.814" classname="ParametersAndParallelTesting.PracticeCH"/>
</testsuite> <!-- ParametersAndParallelTesting.PracticeCH -->
