<?xml version="1.0" encoding="UTF-8"?>
<!-- Generated by org.testng.reporters.JUnitReportReporter -->
<testsuite skipped="0" hostname="Tatianas-MacBook-Air.local" name="performanceTest.TestNG_TestSuite" tests="1" failures="0" timestamp="28 Jun 2017 20:39:36 GMT" time="9.190" errors="0">
  <testcase name="fill_basic_info" time="9.190" classname="performanceTest.TestNG_TestSuite"/>
</testsuite> <!-- performanceTest.TestNG_TestSuite -->
