<?xml version="1.0" encoding="UTF-8"?>
<!-- Generated by org.testng.reporters.JUnitReportReporter -->
<testsuite skipped="0" hostname="Tatianas-MacBook-Air.local" name="Parameters.TestNG_Parameters" tests="1" failures="0" timestamp="06 Jun 2017 19:21:13 GMT" time="0.007" errors="0">
  <testcase name="TestMethod2" time="0.007" classname="Parameters.TestNG_Parameters"/>
</testsuite> <!-- Parameters.TestNG_Parameters -->
