<?xml version="1.0" encoding="UTF-8"?>
<!-- Generated by org.testng.reporters.JUnitReportReporter -->
<testsuite skipped="0" hostname="Tatianas-MacBook-Air.local" name="ParametersAndParallelTesting.TestNG_Parallel2" tests="2" failures="0" timestamp="22 Jul 2017 01:44:20 GMT" time="4.025" errors="0">
  <testcase name="TestMethod2" time="2.011" classname="ParametersAndParallelTesting.TestNG_Parallel2"/>
  <testcase name="TestMethod1" time="2.014" classname="ParametersAndParallelTesting.TestNG_Parallel2"/>
</testsuite> <!-- ParametersAndParallelTesting.TestNG_Parallel2 -->
