<?xml version="1.0" encoding="UTF-8"?>
<!-- Generated by org.testng.reporters.JUnitReportReporter -->
<testsuite skipped="0" hostname="Tatianas-MacBook-Air.local" name="Asserts.TestNG_Asserts" tests="3" failures="0" timestamp="26 Jun 2017 19:40:25 GMT" time="0.030" errors="0">
  <testcase name="testArrays" time="0.027" classname="Asserts.TestNG_Asserts"/>
  <testcase name="testString" time="0.002" classname="Asserts.TestNG_Asserts"/>
  <testcase name="testSum" time="0.001" classname="Asserts.TestNG_Asserts"/>
</testsuite> <!-- Asserts.TestNG_Asserts -->
