<?xml version="1.0" encoding="UTF-8"?>
<!-- Generated by org.testng.reporters.JUnitReportReporter -->
<testsuite skipped="0" hostname="Tatianas-MacBook-Air.local" name="testPackage.TestNG_Prioritiy" tests="3" failures="0" timestamp="01 Aug 2017 21:17:08 GMT" time="0.023" errors="0">
  <testcase name="testMethod3" time="0.016" classname="testPackage.TestNG_Prioritiy"/>
  <testcase name="testMethod2" time="0.003" classname="testPackage.TestNG_Prioritiy"/>
  <testcase name="testMethod1" time="0.004" classname="testPackage.TestNG_Prioritiy"/>
</testsuite> <!-- testPackage.TestNG_Prioritiy -->
