<?xml version="1.0" encoding="UTF-8"?>
<!-- Generated by org.testng.reporters.JUnitReportReporter -->
<testsuite skipped="0" hostname="Tatianas-MacBook-Air.local" name="ParametersAndParallelTesting.PracticeFF" tests="1" failures="0" timestamp="06 Jun 2017 22:34:31 GMT" time="25.824" errors="0">
  <testcase name="parameters_test_FF" time="25.824" classname="ParametersAndParallelTesting.PracticeFF"/>
</testsuite> <!-- ParametersAndParallelTesting.PracticeFF -->
