<?xml version="1.0" encoding="UTF-8"?>
<!-- Generated by org.testng.reporters.JUnitReportReporter -->
<testsuite skipped="0" hostname="Tatianas-MacBook-Air.local" name="DataProviders.DataProviders1" tests="3" failures="0" timestamp="30 Aug 2017 18:36:10 GMT" time="0.024" errors="0">
  <testcase name="Method1" time="0.022" classname="DataProviders.DataProviders1"/>
  <testcase name="Method1" time="0.001" classname="DataProviders.DataProviders1"/>
  <testcase name="Method1" time="0.001" classname="DataProviders.DataProviders1"/>
</testsuite> <!-- DataProviders.DataProviders1 -->
