<?xml version="1.0" encoding="UTF-8"?>
<!-- Generated by org.testng.reporters.JUnitReportReporter -->
<testsuite skipped="0" hostname="Tatianas-MacBook-Air.local" name="testPackage.DataProviders1" tests="3" failures="0" timestamp="07 Jun 2017 21:14:08 GMT" time="0.013" errors="0">
  <testcase name="Method1" time="0.002" classname="testPackage.DataProviders1"/>
  <testcase name="Method1" time="0.010" classname="testPackage.DataProviders1"/>
  <testcase name="Method1" time="0.001" classname="testPackage.DataProviders1"/>
</testsuite> <!-- testPackage.DataProviders1 -->
