<?xml version="1.0" encoding="UTF-8"?>
<!-- Generated by org.testng.reporters.JUnitReportReporter -->
<testsuite skipped="0" hostname="Tatianas-MacBook-Air.local" name="ParametersAndParallelTesting.TestNG_Parallel1" tests="2" failures="0" timestamp="22 Jul 2017 01:44:15 GMT" time="4.022" errors="0">
  <testcase name="TestMethod2" time="2.008" classname="ParametersAndParallelTesting.TestNG_Parallel1"/>
  <testcase name="TestMethod1" time="2.014" classname="ParametersAndParallelTesting.TestNG_Parallel1"/>
</testsuite> <!-- ParametersAndParallelTesting.TestNG_Parallel1 -->
