<?xml version="1.0" encoding="UTF-8"?>
<!-- Generated by org.testng.reporters.JUnitReportReporter -->
<testsuite skipped="0" hostname="Tatianas-MacBook-Air.local" name="Preserve_OrderTCsInSuite.TestNG_Preserve2" tests="4" failures="0" timestamp="06 Jun 2017 17:53:41 GMT" time="0.007" errors="0">
  <testcase name="testMethod2" time="0.001" classname="Preserve_OrderTCsInSuite.TestNG_Preserve2"/>
  <testcase name="testMethod1" time="0.002" classname="Preserve_OrderTCsInSuite.TestNG_Preserve2"/>
  <testcase name="testMethod1" time="0.002" classname="Preserve_OrderTCsInSuite.TestNG_Preserve2"/>
  <testcase name="testMethod2" time="0.002" classname="Preserve_OrderTCsInSuite.TestNG_Preserve2"/>
</testsuite> <!-- Preserve_OrderTCsInSuite.TestNG_Preserve2 -->
