<?xml version="1.0" encoding="UTF-8"?>
<!-- Generated by org.testng.reporters.JUnitReportReporter -->
<testsuite skipped="0" hostname="Tatianas-MacBook-Air.local" name="performanceTest.StopWatch_TestSuite" tests="1" failures="0" timestamp="29 Jun 2017 17:59:15 GMT" time="40.618" errors="0">
  <testcase name="fill_basic_info" time="40.618" classname="performanceTest.StopWatch_TestSuite"/>
</testsuite> <!-- performanceTest.StopWatch_TestSuite -->
