<?xml version="1.0" encoding="UTF-8"?>
<!-- Generated by org.testng.reporters.JUnitReportReporter -->
<testsuite skipped="0" hostname="Tatianas-MacBook-Air.local" name="testPackage.TestNG_Asserts" tests="3" failures="0" timestamp="03 Jun 2017 23:24:02 GMT" time="0.015" errors="0">
  <testcase name="testString" time="0.001" classname="testPackage.TestNG_Asserts"/>
  <testcase name="testArrays" time="0.013" classname="testPackage.TestNG_Asserts"/>
  <testcase name="testSum" time="0.001" classname="testPackage.TestNG_Asserts"/>
</testsuite> <!-- testPackage.TestNG_Asserts -->
